<?xml version="1.0" encoding="UTF-8"?>
<!-- Generated by org.testng.reporters.JUnitReportReporter -->
<testsuite skipped="0" hostname="DESKTOP-8OBLECF" name="mavenforjenkins.UITest" tests="1" failures="0" timestamp="2021-04-29T13:27:29 IST" time="52.711" errors="0">
  <testcase name="startBrowser" time="52.711" classname="mavenforjenkins.UITest"/>
  <system-out/>
</testsuite> <!-- mavenforjenkins.UITest -->
